Scanning 8439 Lean files for aesop calls ...
723 files have terminal aesop calls.
Temp dir:  /var/folders/x_/tfwjs7bx6fv9wdzxs0lknp2m0000gn/T/mbf_bvn8kjf4
Workers:   8  timeout: 300.0s  retry-timeout: 900.0s
[1/723] Archive/Imo/Imo1998Q2.lean: ok  calls=6  msgs=6  (4.6s)
[2/723] Mathlib/Algebra/Algebra/Subalgebra/Centralizer.lean: ok  calls=2  msgs=2  (4.8s)
[3/723] Mathlib/Algebra/Algebra/Epi.lean: ok  calls=2  msgs=2  (5.1s)
[4/723] Counterexamples/TopologistsSineCurve.lean: ok  calls=1  msgs=1  (5.2s)
[5/723] Counterexamples/DiscreteTopologyNonDiscreteUniformity.lean: ok  calls=4  msgs=4  (5.7s)
[6/723] Mathlib/Algebra/Algebra/Subalgebra/Lattice.lean: ok  calls=1  msgs=1  (6.8s)
[7/723] Mathlib/Algebra/BigOperators/Group/Multiset/Basic.lean: ok  calls=2  msgs=2  (3.1s)
[8/723] Mathlib/Algebra/BigOperators/Group/Finset/Piecewise.lean: ok  calls=2  msgs=2  (3.7s)
[9/723] Mathlib/Algebra/BigOperators/ModEq.lean: ok  calls=4  msgs=4  (3.2s)
[10/723] Mathlib/Algebra/BigOperators/Pi.lean: ok  calls=1  msgs=1  (3.3s)
[11/723] Mathlib/Algebra/BigOperators/Ring/Nat.lean: ok  calls=3  msgs=3  (3.2s)
[12/723] Mathlib/Algebra/BigOperators/Finprod.lean: ok  calls=4  msgs=4  (9.2s)
[13/723] Counterexamples/AharoniKorman.lean: ok  calls=12  msgs=12  (9.5s)
[14/723] Mathlib/Algebra/Category/AlgCat/Basic.lean: ok  calls=2  msgs=2  (4.1s)
[15/723] Mathlib/Algebra/Category/Grp/EnoughInjectives.lean: ok  calls=2  msgs=2  (3.1s)
[16/723] Mathlib/Algebra/Category/Grp/AB.lean: ok  calls=1  msgs=1  (3.6s)
[17/723] Mathlib/Algebra/Category/ModuleCat/Kernels.lean: ok  calls=1  msgs=1  (3.8s)
[18/723] Mathlib/Algebra/Category/ModuleCat/Colimits.lean: ok  calls=1  msgs=1  (4.5s)
[19/723] Mathlib/Algebra/Category/Grp/Basic.lean: ok  calls=4  msgs=4  (5.8s)
[20/723] Mathlib/Algebra/Category/ModuleCat/Adjunctions.lean: ok  calls=4  msgs=4  (5.6s)
[21/723] Mathlib/Algebra/Category/ModuleCat/Presheaf/Free.lean: ok  calls=1  msgs=1  (4.2s)
[22/723] Mathlib/Algebra/Category/ModuleCat/Semi.lean: ok  calls=2  msgs=2  (4.0s)
[23/723] Mathlib/Algebra/CharP/Two.lean: ok  calls=1  msgs=1  (2.4s)
[24/723] Mathlib/Algebra/Category/ModuleCat/Basic.lean: ok  calls=2  msgs=2  (7.2s)
[25/723] Mathlib/Algebra/Group/Action/End.lean: ok  calls=2  msgs=2  (2.2s)
[26/723] Mathlib/Algebra/Group/Action/Pointwise/Finset.lean: ok  calls=1  msgs=1  (3.1s)
[27/723] Mathlib/Algebra/Group/Even.lean: ok  calls=7  msgs=7  (2.5s)
[28/723] Mathlib/Algebra/Group/Graph.lean: ok  calls=3  msgs=3  (3.3s)
[29/723] Mathlib/Algebra/DirectSum/Internal.lean: ok  calls=1  msgs=1  (6.0s)
[30/723] Mathlib/Algebra/DirectSum/Module.lean: ok  calls=3  msgs=3  (5.8s)
[31/723] Mathlib/Algebra/Group/Indicator.lean: ok  calls=1  msgs=1  (2.5s)
[32/723] Mathlib/Algebra/Group/Basic.lean: ok  calls=2  msgs=2  (5.5s)
[33/723] Mathlib/Algebra/Group/Center.lean: ok  calls=1  msgs=1  (5.2s)
[34/723] Mathlib/Algebra/Group/Pi/Lemmas.lean: ok  calls=1  msgs=1  (3.7s)
[35/723] Mathlib/Algebra/Group/Pointwise/Set/Card.lean: ok  calls=1  msgs=1  (3.1s)
[36/723] Mathlib/Algebra/Group/Submonoid/Pointwise.lean: ok  calls=1  msgs=1  (3.1s)
[37/723] Mathlib/Algebra/Group/Submonoid/Membership.lean: ok  calls=1  msgs=1  (4.0s)
[38/723] Mathlib/Algebra/Group/Submonoid/Support.lean: ok  calls=7  msgs=7  (2.7s)
[39/723] Mathlib/Algebra/Group/Pointwise/Finset/Basic.lean: ok  calls=1  msgs=1  (6.5s)
[40/723] Mathlib/Algebra/Group/Pointwise/Set/Basic.lean: ok  calls=3  msgs=3  (6.4s)
[41/723] Mathlib/Algebra/Category/ModuleCat/Sheaf/Quasicoherent.lean: ok  calls=1  msgs=1  (15.0s)
[42/723] Mathlib/Algebra/GroupWithZero/Range.lean: ok  calls=3  msgs=3  (3.3s)
[43/723] Mathlib/Algebra/Homology/AlternatingConst.lean: ok  calls=1  msgs=1  (3.3s)
[44/723] Mathlib/Algebra/Group/Irreducible/Indecomposable.lean: ok  calls=4  msgs=4  (9.8s)
[45/723] Mathlib/Algebra/Homology/Augment.lean: ok  calls=2  msgs=2  (4.0s)
[46/723] Mathlib/Algebra/Homology/ComplexShapeSigns.lean: ok  calls=2  msgs=2  (3.3s)
[47/723] Mathlib/Algebra/Homology/DerivedCategory/Ext/Linear.lean: ok  calls=5  msgs=5  (3.7s)
[48/723] Mathlib/Algebra/Homology/Double.lean: ok  calls=2  msgs=2  (3.1s)
[49/723] Mathlib/Algebra/Homology/Embedding/CochainComplex.lean: ok  calls=3  msgs=3  (4.0s)
[50/723] Mathlib/Algebra/Homology/DerivedCategory/Ext/Map.lean: ok  calls=3  msgs=3  (4.9s)
[51/723] Mathlib/Algebra/Homology/DerivedCategory/Ext/Basic.lean: ok  calls=1  msgs=1  (6.0s)
[52/723] Mathlib/Algebra/Homology/HomotopyCategory/SingleFunctors.lean: ok  calls=1  msgs=1  (3.6s)
[53/723] Mathlib/Algebra/Homology/HomotopyCategory/HomComplexCohomology.lean: ok  calls=2  msgs=2  (4.2s)
[54/723] Mathlib/Algebra/Homology/ShortComplex/Ab.lean: ok  calls=1  msgs=1  (3.0s)
[55/723] Mathlib/Algebra/Homology/ShortComplex/ModuleCat.lean: ok  calls=5  msgs=5  (4.7s)
[56/723] Mathlib/Algebra/Homology/HomotopyCategory/HomComplex.lean: ok  calls=4  msgs=4  (7.2s)
[57/723] Mathlib/Algebra/Lie/Abelian.lean: ok  calls=1  msgs=1  (6.2s)
[58/723] Mathlib/Algebra/Lie/Engel.lean: ok  calls=1  msgs=1  (5.8s)
[59/723] Mathlib/Algebra/Lie/SemiDirect.lean: ok  calls=1  msgs=1  (6.0s)
[60/723] Mathlib/Algebra/Module/BigOperators.lean: ok  calls=1  msgs=1  (2.4s)
[61/723] Mathlib/Algebra/Lie/Nilpotent.lean: ok  calls=2  msgs=2  (8.0s)
[62/723] Mathlib/Algebra/Lie/Subalgebra.lean: ok  calls=2  msgs=2  (7.2s)
[63/723] Mathlib/Algebra/Lie/Weights/Cartan.lean: ok  calls=1  msgs=1  (7.6s)
[64/723] Mathlib/Algebra/Lie/LieTheorem.lean: ok  calls=2  msgs=2  (10.4s)
[65/723] Mathlib/Algebra/Module/CharacterModule.lean: ok  calls=5  msgs=5  (6.1s)
[66/723] Mathlib/Algebra/Module/Presentation/Cokernel.lean: ok  calls=1  msgs=1  (3.3s)
[67/723] Mathlib/Algebra/Module/Presentation/Basic.lean: ok  calls=9  msgs=9  (5.2s)
[68/723] Mathlib/Algebra/Module/Presentation/Free.lean: ok  calls=1  msgs=1  (3.3s)
[69/723] Mathlib/Algebra/Lie/Basis.lean: ok  calls=2  msgs=2  (16.0s)
[70/723] Mathlib/Algebra/Module/Submodule/Finsupp.lean: ok  calls=1  msgs=1  (2.9s)
[71/723] Mathlib/Algebra/Module/Presentation/Tensor.lean: ok  calls=1  msgs=1  (3.3s)
[72/723] Mathlib/Algebra/Module/Presentation/Differentials.lean: ok  calls=1  msgs=1  (5.8s)
[73/723] Mathlib/Algebra/Lie/Weights/Killing.lean: ok  calls=1  msgs=1  (11.4s)
[74/723] Mathlib/Algebra/Module/LinearMap/Defs.lean: ok  calls=1  msgs=1  (8.9s)
[75/723] Mathlib/Algebra/Module/Submodule/Lattice.lean: ok  calls=1  msgs=1  (4.2s)
[76/723] Mathlib/Algebra/Module/Submodule/Pointwise.lean: ok  calls=2  msgs=2  (3.8s)
[77/723] Mathlib/Algebra/Module/Submodule/Union.lean: ok  calls=5  msgs=5  (4.8s)
[78/723] Mathlib/Algebra/MvPolynomial/Degrees.lean: ok  calls=2  msgs=2  (4.5s)
[79/723] Mathlib/Algebra/MonoidAlgebra/MapDomain.lean: ok  calls=1  msgs=1  (6.3s)
[80/723] Mathlib/Algebra/MvPolynomial/Basic.lean: ok  calls=3  msgs=3  (6.2s)
[81/723] Mathlib/Algebra/MvPolynomial/Expand.lean: ok  calls=1  msgs=1  (4.2s)
[82/723] Mathlib/Algebra/MvPolynomial/Eval.lean: ok  calls=1  msgs=1  (6.0s)
[83/723] Mathlib/Algebra/Module/Torsion/PrimaryComponent.lean: ok  calls=2  msgs=2  (8.8s)
[84/723] Mathlib/Algebra/MonoidAlgebra/Basic.lean: ok  calls=2  msgs=2  (8.6s)
[85/723] Mathlib/Algebra/Module/Torsion/Basic.lean: ok  calls=1  msgs=1  (9.6s)
[86/723] Mathlib/Algebra/MvPolynomial/Monad.lean: ok  calls=2  msgs=2  (3.2s)
[87/723] Mathlib/Algebra/MvPolynomial/NoZeroDivisors.lean: ok  calls=2  msgs=2  (3.3s)
[88/723] Mathlib/Algebra/MvPolynomial/Nilpotent.lean: ok  calls=1  msgs=1  (3.6s)
[89/723] Mathlib/Algebra/Order/BigOperators/Expect.lean: ok  calls=4  msgs=0  (4.0s)
[90/723] Mathlib/Algebra/Order/Antidiag/Pi.lean: ok  calls=3  msgs=3  (4.2s)
[91/723] Mathlib/Algebra/Order/BigOperators/Group/Finset.lean: ok  calls=1  msgs=1  (4.7s)
[92/723] Mathlib/Algebra/Order/BigOperators/Ring/Finset.lean: ok  calls=1  msgs=1  (5.0s)
[93/723] Mathlib/Algebra/Order/Monoid/Canonical/Basic.lean: ok  calls=8  msgs=8  (4.9s)
[94/723] Mathlib/Algebra/Order/Floor/Ring.lean: ok  calls=2  msgs=2  (7.4s)
[95/723] Mathlib/Algebra/Order/Ring/Ordering/Defs.lean: ok  calls=11  msgs=11  (3.4s)
[96/723] Mathlib/Algebra/Order/Monoid/Unbundled/WithTop.lean: ok  calls=1  msgs=1  (5.6s)
[97/723] Mathlib/Algebra/Order/Group/Pointwise/Interval.lean: ok  calls=1  msgs=1  (8.7s)
[98/723] Mathlib/Algebra/Order/Monoid/LocallyFiniteOrder.lean: ok  calls=2  msgs=2  (6.8s)
[99/723] Mathlib/Algebra/Order/Ring/Ordering/Basic.lean: ok  calls=9  msgs=9  (6.0s)
[100/723] Mathlib/Algebra/Pointwise/Stabilizer.lean: ok  calls=1  msgs=1  (3.4s)
[101/723] Mathlib/Algebra/Order/Ring/Unbundled/Basic.lean: ok  calls=1  msgs=1  (4.8s)
[102/723] Mathlib/Algebra/Order/Ring/WithTop.lean: ok  calls=4  msgs=4  (4.6s)
[103/723] Mathlib/Algebra/Polynomial/Degree/Operations.lean: ok  calls=1  msgs=1  (4.4s)
[104/723] Mathlib/Algebra/Order/Module/HahnEmbedding.lean: ok  calls=2  msgs=2  (14.1s)
[105/723] Mathlib/Algebra/Polynomial/Bivariate.lean: ok  calls=2  msgs=2  (6.6s)
[106/723] Mathlib/Algebra/Polynomial/Homogenize.lean: ok  calls=2  msgs=2  (6.2s)
[107/723] Mathlib/Algebra/Polynomial/Sequence.lean: ok  calls=1  msgs=1  (3.7s)
[108/723] Mathlib/Algebra/Polynomial/Laurent.lean: ok  calls=1  msgs=1  (5.1s)
[109/723] Mathlib/Algebra/Ring/Semireal/Defs.lean: ok  calls=1  msgs=1  (2.3s)
[110/723] Mathlib/Algebra/Ring/Parity.lean: ok  calls=1  msgs=1  (3.4s)
[111/723] Mathlib/Algebra/Polynomial/Splits.lean: ok  calls=11  msgs=11  (6.4s)
[112/723] Mathlib/Algebra/QuadraticAlgebra/Basic.lean: ok  calls=1  msgs=1  (5.5s)
[113/723] Mathlib/Algebra/Polynomial/Module/AEval.lean: ok  calls=3  msgs=3  (9.2s)
[114/723] Mathlib/Algebra/Ring/SumsOfSquares.lean: ok  calls=7  msgs=7  (2.4s)
[115/723] Mathlib/Algebra/Ring/IsFormallyReal.lean: ok  calls=4  msgs=4  (6.5s)
[116/723] Mathlib/Algebra/Ring/Subsemiring/Basic.lean: ok  calls=1  msgs=1  (4.6s)
[117/723] Mathlib/Algebra/Ring/CentroidHom.lean: ok  calls=1  msgs=1  (8.1s)
[118/723] Mathlib/Algebra/SkewMonoidAlgebra/Lift.lean: ok  calls=1  msgs=1  (3.5s)
[119/723] Mathlib/Algebra/SkewMonoidAlgebra/Single.lean: ok  calls=2  msgs=2  (2.6s)
[120/723] Mathlib/Algebra/Order/Ring/StandardPart.lean: ok  calls=1  msgs=1  (19.6s)
[121/723] Mathlib/AlgebraicGeometry/EllipticCurve/DivisionPolynomial/Degree.lean: ok  calls=1  msgs=1  (4.2s)
[122/723] Mathlib/AlgebraicGeometry/Artinian.lean: ok  calls=1  msgs=1  (4.5s)
[123/723] Mathlib/AlgebraicGeometry/Fiber.lean: ok  calls=1  msgs=1  (4.6s)
[124/723] Mathlib/Algebra/SkewMonoidAlgebra/Basic.lean: ok  calls=2  msgs=2  (8.6s)
[125/723] Mathlib/Algebra/Star/LinearMap.lean: ok  calls=1  msgs=1  (7.4s)
[126/723] Mathlib/AlgebraicGeometry/Morphisms/AffineAnd.lean: ok  calls=2  msgs=2  (4.2s)
[127/723] Mathlib/AlgebraicGeometry/IdealSheaf/Basic.lean: ok  calls=2  msgs=2  (11.1s)
[128/723] Mathlib/AlgebraicGeometry/Morphisms/Smooth.lean: ok  calls=1  msgs=1  (8.4s)
[129/723] Mathlib/AlgebraicGeometry/Limits.lean: ok  calls=4  msgs=4  (11.8s)
[130/723] Mathlib/AlgebraicGeometry/AffineSpace.lean: ok  calls=2  msgs=2  (15.4s)
[131/723] Mathlib/AlgebraicGeometry/PullbackCarrier.lean: ok  calls=1  msgs=1  (6.8s)
[132/723] Mathlib/AlgebraicGeometry/ProjectiveSpectrum/Basic.lean: ok  calls=2  msgs=2  (11.8s)
[133/723] Mathlib/AlgebraicGeometry/Sites/MorphismProperty.lean: ok  calls=1  msgs=1  (3.4s)
[134/723] Mathlib/AlgebraicGeometry/Morphisms/Flat.lean: ok  calls=8  msgs=8  (13.9s)
[135/723] Mathlib/AlgebraicGeometry/ProjectiveSpectrum/Scheme.lean: ok  calls=1  msgs=1  (13.6s)
[136/723] Mathlib/AlgebraicTopology/ModelCategory/LeftHomotopy.lean: ok  calls=1  msgs=1  (3.0s)
[137/723] Mathlib/AlgebraicTopology/ModelCategory/RightHomotopy.lean: ok  calls=1  msgs=1  (3.0s)
[138/723] Mathlib/AlgebraicTopology/SimplexCategory/Rev.lean: ok  calls=1  msgs=1  (3.0s)
[139/723] Mathlib/AlgebraicTopology/SimplexCategory/SemiSimplexCategory.lean: ok  calls=1  msgs=1  (2.9s)
[140/723] Mathlib/AlgebraicGeometry/Scheme.lean: ok  calls=1  msgs=1  (9.6s)
[141/723] Mathlib/AlgebraicTopology/SimplexCategory/Basic.lean: ok  calls=4  msgs=4  (4.8s)
[142/723] Mathlib/AlgebraicGeometry/Pullbacks.lean: ok  calls=2  msgs=2  (12.0s)
[143/723] Mathlib/AlgebraicGeometry/ZariskisMainTheorem.lean: ok  calls=1  msgs=1  (9.5s)
[144/723] Mathlib/AlgebraicTopology/SimplicialSet/AnodyneExtensions/Op.lean: ok  calls=1  msgs=1  (2.5s)
[145/723] Mathlib/AlgebraicTopology/SimplicialSet/AnodyneExtensions/Pairing.lean: ok  calls=1  msgs=1  (2.5s)
[146/723] Mathlib/AlgebraicTopology/SimplicialSet/AnodyneExtensions/PairingCore.lean: ok  calls=1  msgs=1  (2.9s)
[147/723] Mathlib/AlgebraicTopology/SimplicialSet/Boundary.lean: ok  calls=1  msgs=1  (2.6s)
[148/723] Mathlib/AlgebraicTopology/SimplicialSet/Degenerate.lean: ok  calls=6  msgs=6  (2.9s)
[149/723] Mathlib/AlgebraicTopology/SimplicialSet/Dimension.lean: ok  calls=1  msgs=1  (2.8s)
[150/723] Mathlib/AlgebraicTopology/SimplicialSet/AnodyneExtensions/RelativeCellComplex.lean: ok  calls=1  msgs=1  (4.7s)
[151/723] Mathlib/AlgebraicTopology/SimplicialSet/Finite.lean: ok  calls=1  msgs=1  (2.8s)
[152/723] Mathlib/AlgebraicTopology/SimplicialSet/Horn.lean: ok  calls=2  msgs=2  (3.5s)
[153/723] Mathlib/AlgebraicTopology/SimplicialObject/ChainHomotopy.lean: ok  calls=4  msgs=4  (9.9s)
[154/723] Mathlib/AlgebraicTopology/SimplicialSet/HomotopyCat.lean: ok  calls=1  msgs=1  (4.6s)
[155/723] Mathlib/AlgebraicTopology/SimplicialSet/NonDegenerateSimplices.lean: ok  calls=1  msgs=1  (2.8s)
[156/723] Mathlib/AlgebraicTopology/SimplicialSet/KanComplex/MulStruct.lean: ok  calls=2  msgs=2  (3.2s)
[157/723] Mathlib/AlgebraicTopology/SimplicialSet/NonDegenerateSimplicesSubcomplex.lean: ok  calls=3  msgs=3  (2.4s)
[158/723] Mathlib/AlgebraicTopology/SimplicialSet/Simplices.lean: ok  calls=1  msgs=1  (2.4s)
[159/723] Mathlib/AlgebraicTopology/SimplicialSet/RelativeMorphism.lean: ok  calls=1  msgs=1  (3.3s)
[160/723] Mathlib/AlgebraicTopology/SimplicialSet/HornColimits.lean: ok  calls=1  msgs=1  (7.4s)
[161/723] Mathlib/AlgebraicTopology/SimplicialSet/StrictSegal.lean: ok  calls=3  msgs=3  (4.2s)
[162/723] Mathlib/AlgebraicTopology/SimplicialSet/StdSimplex.lean: ok  calls=9  msgs=9  (5.3s)
[163/723] Mathlib/AlgebraicTopology/SimplicialSet/Subcomplex.lean: ok  calls=10  msgs=10  (4.3s)
[164/723] Mathlib/AlgebraicGeometry/StructureSheaf.lean: ok  calls=1  msgs=1  (25.0s)
[165/723] Mathlib/Analysis/AbsoluteValue/Equivalence.lean: ok  calls=3  msgs=3  (7.2s)
[166/723] Mathlib/AlgebraicTopology/SimplicialSet/NerveAdjunction.lean: ok  calls=2  msgs=2  (14.2s)
[167/723] Mathlib/Analysis/Analytic/OfScalars.lean: ok  calls=3  msgs=3  (7.1s)
[168/723] Mathlib/Analysis/Analytic/Binomial.lean: ok  calls=1  msgs=1  (9.2s)
[169/723] Mathlib/Analysis/Analytic/Order.lean: ok  calls=1  msgs=1  (8.1s)
[170/723] Mathlib/Analysis/CStarAlgebra/Module/Constructions.lean: ok  calls=1  msgs=1  (10.7s)
[171/723] Mathlib/Analysis/Calculus/FDeriv/Measurable.lean: ok  calls=1  msgs=1  (10.4s)
[172/723] Mathlib/Analysis/CStarAlgebra/Unitary/Connected.lean: ok  calls=1  msgs=1  (11.9s)
[173/723] Mathlib/Analysis/CStarAlgebra/ContinuousFunctionalCalculus/Unital.lean: ok  calls=2  msgs=2  (14.2s)
[174/723] Mathlib/Analysis/CStarAlgebra/ContinuousFunctionalCalculus/Continuity.lean: ok  calls=4  msgs=4  (19.1s)
[175/723] Mathlib/Analysis/CStarAlgebra/ContinuousFunctionalCalculus/Instances.lean: ok  calls=1  msgs=1  (20.6s)
[176/723] Mathlib/Analysis/Complex/Convex.lean: ok  calls=1  msgs=1  (3.8s)
[177/723] Mathlib/Analysis/Calculus/ImplicitFunction/ProdDomain.lean: ok  calls=2  msgs=2  (5.1s)
[178/723] Mathlib/Analysis/Complex/BorelCaratheodory.lean: ok  calls=1  msgs=1  (4.3s)
[179/723] Mathlib/Analysis/Complex/CoveringMap.lean: ok  calls=7  msgs=7  (4.1s)
[180/723] Mathlib/Analysis/CStarAlgebra/ContinuousFunctionalCalculus/Order.lean: ok  calls=1  msgs=1  (20.3s)
[181/723] Mathlib/Analysis/Complex/Harmonic/MeanValue.lean: ok  calls=2  msgs=2  (3.2s)
[182/723] Mathlib/Analysis/Complex/Harmonic/Analytic.lean: ok  calls=1  msgs=1  (6.7s)
[183/723] Mathlib/Analysis/Complex/MeanValue.lean: ok  calls=2  msgs=2  (4.2s)
[184/723] Mathlib/Analysis/Complex/HasPrimitives.lean: ok  calls=1  msgs=1  (5.0s)
[185/723] Mathlib/Analysis/Complex/Order.lean: ok  calls=2  msgs=2  (3.7s)
[186/723] Mathlib/Analysis/Complex/OpenMapping.lean: ok  calls=4  msgs=4  (4.3s)
[187/723] Mathlib/Analysis/Complex/Harmonic/Poisson.lean: ok  calls=1  msgs=1  (6.5s)
[188/723] Mathlib/Analysis/Complex/JensenFormula.lean: ok  calls=4  msgs=4  (6.7s)
[189/723] Mathlib/Analysis/Complex/Tietze.lean: ok  calls=1  msgs=1  (4.8s)
[190/723] Mathlib/Analysis/Complex/ValueDistribution/LogCounting/Asymptotic.lean: ok  calls=1  msgs=1  (4.9s)
[191/723] Mathlib/Analysis/Complex/ValueDistribution/Proximity/Basic.lean: ok  calls=2  msgs=2  (3.9s)
[192/723] Mathlib/Analysis/Calculus/ContDiff/Operations.lean: ok  calls=1  msgs=1  (25.7s)
[193/723] Mathlib/Analysis/Convex/BetweenList.lean: ok  calls=1  msgs=1  (5.1s)
[194/723] Mathlib/Analysis/Complex/Poisson.lean: ok  calls=4  msgs=4  (7.7s)
[195/723] Mathlib/Analysis/Convex/Birkhoff.lean: ok  calls=1  msgs=1  (5.5s)
[196/723] Mathlib/Analysis/Complex/ValueDistribution/LogCounting/Basic.lean: ok  calls=3  msgs=3  (8.2s)
[197/723] Mathlib/Analysis/Convex/StdSimplex.lean: ok  calls=7  msgs=7  (4.8s)
[198/723] Mathlib/Analysis/Convex/Cone/Dual.lean: ok  calls=1  msgs=1  (6.5s)
[199/723] Mathlib/Analysis/Convex/Segment.lean: ok  calls=1  msgs=1  (6.7s)
[200/723] Mathlib/Analysis/InnerProductSpace/Harmonic/Constructions.lean: ok  calls=2  msgs=2  (4.9s)
[201/723] Mathlib/Analysis/Convex/Visible.lean: ok  calls=2  msgs=2  (7.4s)
[202/723] Mathlib/Analysis/Convex/Combination.lean: ok  calls=2  msgs=2  (11.1s)
[203/723] Mathlib/Analysis/InnerProductSpace/Laplacian.lean: ok  calls=2  msgs=2  (7.7s)
[204/723] Mathlib/Analysis/LocallyConvex/Basic.lean: ok  calls=1  msgs=1  (4.8s)
[205/723] Mathlib/Analysis/InnerProductSpace/Orthogonal.lean: ok  calls=1  msgs=1  (7.5s)
[206/723] Mathlib/Analysis/InnerProductSpace/ProdL2.lean: ok  calls=1  msgs=1  (6.4s)
[207/723] Mathlib/Analysis/LocallyConvex/Polar.lean: ok  calls=1  msgs=1  (5.0s)
[208/723] Mathlib/Analysis/Meromorphic/Divisor.lean: ok  calls=1  msgs=1  (5.2s)
[209/723] Mathlib/Analysis/LocallyConvex/SeparatingDual.lean: ok  calls=1  msgs=1  (7.7s)
[210/723] Mathlib/Analysis/Meromorphic/NormalForm.lean: ok  calls=8  msgs=8  (5.7s)
[211/723] Mathlib/Analysis/InnerProductSpace/Positive.lean: ok  calls=1  msgs=1  (12.5s)
[212/723] Mathlib/Analysis/Meromorphic/TrailingCoefficient.lean: ok  calls=1  msgs=1  (5.3s)
[213/723] Mathlib/Analysis/Meromorphic/Basic.lean: ok  calls=3  msgs=3  (8.3s)
[214/723] Mathlib/Analysis/Meromorphic/Order.lean: ok  calls=2  msgs=2  (8.1s)
[215/723] Mathlib/Analysis/Normed/Group/FunctionSeries.lean: ok  calls=1  msgs=1  (3.1s)
[216/723] Mathlib/Analysis/Normed/Affine/AddTorsor.lean: ok  calls=1  msgs=1  (4.3s)
[217/723] Mathlib/Analysis/Normed/Group/Defs.lean: ok  calls=8  msgs=0  (3.9s)
[218/723] Mathlib/Analysis/Distribution/TemperedDistribution.lean: ok  calls=1  msgs=1  (20.1s)
[219/723] Mathlib/Analysis/Normed/Group/ZeroAtInfty.lean: ok  calls=1  msgs=1  (3.2s)
[220/723] Mathlib/Analysis/Normed/Group/SemiNormedGrp/Kernels.lean: ok  calls=1  msgs=1  (3.8s)
[221/723] Mathlib/Analysis/Normed/Module/Span.lean: ok  calls=2  msgs=2  (3.3s)
[222/723] Mathlib/Analysis/SpecialFunctions/Complex/CircleAddChar.lean: ok  calls=3  msgs=3  (5.6s)
[223/723] Mathlib/Analysis/Real/Hyperreal.lean: ok  calls=2  msgs=2  (6.3s)
[224/723] Mathlib/Analysis/RCLike/Sqrt.lean: ok  calls=4  msgs=4  (6.9s)
[225/723] Mathlib/Analysis/Normed/Operator/FredholmAlternative.lean: ok  calls=1  msgs=1  (9.1s)
[226/723] Mathlib/Analysis/Normed/Unbundled/SpectralNorm.lean: ok  calls=1  msgs=1  (11.3s)
[227/723] Mathlib/Analysis/SpecialFunctions/ImproperIntegrals.lean: ok  calls=1  msgs=1  (4.8s)
[228/723] Mathlib/Analysis/RCLike/Basic.lean: ok  calls=4  msgs=4  (12.7s)
[229/723] Mathlib/Analysis/SpecialFunctions/Integrability/LogMeromorphic.lean: ok  calls=1  msgs=1  (5.0s)
[230/723] Mathlib/Analysis/SpecialFunctions/ContinuousFunctionalCalculus/PosPart/Basic.lean: ok  calls=1  msgs=1  (12.7s)
[231/723] Mathlib/Analysis/SpecialFunctions/Integrals/PosLogEqCircleAverage.lean: ok  calls=2  msgs=2  (4.2s)
[232/723] Mathlib/Analysis/SpecialFunctions/Log/Basic.lean: ok  calls=1  msgs=1  (4.8s)
[233/723] Mathlib/Analysis/SpecialFunctions/Pow/Asymptotics.lean: ok  calls=1  msgs=1  (4.2s)
[234/723] Mathlib/Analysis/SpecialFunctions/OrdinaryHypergeometric.lean: ok  calls=2  msgs=2  (6.2s)
[235/723] Mathlib/Analysis/SpecialFunctions/Trigonometric/Chebyshev/ChebyshevGauss.lean: ok  calls=5  msgs=5  (6.6s)
[236/723] Mathlib/Analysis/SpecialFunctions/Trigonometric/Chebyshev/Extremal.lean: ok  calls=1  msgs=1  (5.0s)
[237/723] Mathlib/Analysis/SpecialFunctions/Trigonometric/Chebyshev/Orthogonality.lean: ok  calls=7  msgs=7  (5.2s)
[238/723] Mathlib/Analysis/SpecialFunctions/Trigonometric/Angle.lean: ok  calls=3  msgs=3  (9.4s)
[239/723] Mathlib/Analysis/SpecialFunctions/ContinuousFunctionalCalculus/Rpow/IntegralRepresentation.lean: ok  calls=1  msgs=1  (17.1s)
[240/723] Mathlib/Analysis/SpecialFunctions/Trigonometric/Chebyshev/RootsExtrema.lean: ok  calls=3  msgs=3  (6.2s)
[241/723] Mathlib/Analysis/SpecialFunctions/Trigonometric/Inverse.lean: ok  calls=8  msgs=8  (4.7s)
[242/723] Mathlib/CategoryTheory/Action/Concrete.lean: ok  calls=1  msgs=1  (3.5s)
[243/723] Mathlib/Analysis/SpecialFunctions/Trigonometric/Cotangent.lean: ok  calls=4  msgs=4  (5.8s)
[244/723] Mathlib/Analysis/SpecialFunctions/ContinuousFunctionalCalculus/Rpow/Basic.lean: ok  calls=1  msgs=1  (26.1s)
[245/723] Mathlib/Analysis/SpecificLimits/Basic.lean: ok  calls=1  msgs=1  (4.9s)
[246/723] Mathlib/CategoryTheory/Abelian/DiagramLemmas/KernelCokernelComp.lean: ok  calls=7  msgs=7  (5.7s)
[247/723] Mathlib/CategoryTheory/Bicategory/Functor/Prelax.lean: ok  calls=1  msgs=1  (2.6s)
[248/723] Mathlib/CategoryTheory/Comma/LocallySmall.lean: ok  calls=1  msgs=1  (2.0s)
[249/723] Mathlib/CategoryTheory/Category/Basic.lean: ok  calls=5  msgs=3  (3.0s)
[250/723] Mathlib/CategoryTheory/Category/PartialFun.lean: ok  calls=1  msgs=1  (2.5s)
[251/723] Mathlib/CategoryTheory/Adjunction/Basic.lean: ok  calls=1  msgs=1  (5.6s)
[252/723] Mathlib/CategoryTheory/Category/RelCat.lean: ok  calls=1  msgs=1  (2.8s)
[253/723] Mathlib/CategoryTheory/Comma/Over/OverClass.lean: ok  calls=1  msgs=1  (2.5s)
[254/723] Mathlib/CategoryTheory/Distributive/Cartesian.lean: ok  calls=1  msgs=1  (2.4s)
[255/723] Mathlib/CategoryTheory/ConcreteCategory/Forget.lean: ok  calls=1  msgs=0  (2.4s)
[256/723] Mathlib/CategoryTheory/EffectiveEpi/Comp.lean: ok  calls=1  msgs=1  (2.3s)
[257/723] Mathlib/CategoryTheory/Enriched/HomCongr.lean: ok  calls=1  msgs=1  (2.3s)
[258/723] Mathlib/CategoryTheory/EssentiallySmall.lean: ok  calls=1  msgs=1  (2.5s)
[259/723] Mathlib/CategoryTheory/FiberedCategory/Cartesian.lean: ok  calls=1  msgs=1  (2.6s)
[260/723] Mathlib/CategoryTheory/Enriched/FunctorCategory.lean: ok  calls=2  msgs=2  (4.9s)
[261/723] Mathlib/CategoryTheory/FiberedCategory/BasedCategory.lean: ok  calls=1  msgs=1  (3.6s)
[262/723] Mathlib/CategoryTheory/Elements.lean: ok  calls=1  msgs=1  (5.6s)
[263/723] Mathlib/CategoryTheory/FiberedCategory/Cocartesian.lean: ok  calls=1  msgs=1  (2.3s)
[264/723] Mathlib/Analysis/SpecialFunctions/Elliptic/Weierstrass.lean: ok  calls=2  msgs=2  (30.8s)
[265/723] Mathlib/CategoryTheory/FintypeCat.lean: ok  calls=1  msgs=1  (3.1s)
[266/723] Mathlib/CategoryTheory/Functor/FunctorHom.lean: ok  calls=4  msgs=4  (4.0s)
[267/723] Mathlib/CategoryTheory/Galois/Examples.lean: ok  calls=2  msgs=2  (3.3s)
[268/723] Mathlib/CategoryTheory/Functor/KanExtension/Pointwise.lean: ok  calls=2  msgs=2  (4.4s)
[269/723] Mathlib/CategoryTheory/GradedObject/Unitor.lean: ok  calls=2  msgs=2  (4.1s)
[270/723] Mathlib/CategoryTheory/LiftingProperties/ParametrizedAdjunction.lean: ok  calls=2  msgs=2  (3.1s)
[271/723] Mathlib/CategoryTheory/GlueData.lean: ok  calls=12  msgs=12  (4.6s)
[272/723] Mathlib/CategoryTheory/Limits/Preserves/Shapes/Over.lean: ok  calls=2  msgs=2  (2.2s)
[273/723] Mathlib/CategoryTheory/Limits/Preserves/Shapes/Zero.lean: ok  calls=1  msgs=1  (2.4s)
[274/723] Mathlib/CategoryTheory/Limits/Shapes/CombinedProducts.lean: ok  calls=4  msgs=4  (2.8s)
[275/723] Mathlib/CategoryTheory/Limits/FormalCoproducts/Basic.lean: ok  calls=8  msgs=8  (6.0s)
[276/723] Mathlib/CategoryTheory/Limits/Shapes/FiniteLimits.lean: ok  calls=1  msgs=1  (2.1s)
[277/723] Mathlib/CategoryTheory/Comma/Over/Basic.lean: ok  calls=2  msgs=2  (16.2s)
[278/723] Mathlib/CategoryTheory/Limits/Shapes/FunctorToTypes.lean: ok  calls=3  msgs=3  (3.1s)
[279/723] Mathlib/CategoryTheory/Limits/IsLimit.lean: ok  calls=2  msgs=2  (7.8s)
[280/723] Mathlib/CategoryTheory/Limits/Shapes/Equalizers.lean: ok  calls=4  msgs=4  (6.4s)
[281/723] Mathlib/CategoryTheory/Limits/Shapes/BinaryBiproducts.lean: ok  calls=6  msgs=2  (7.8s)
[282/723] Mathlib/CategoryTheory/Limits/Shapes/Biproducts.lean: ok  calls=4  msgs=4  (7.7s)
[283/723] Mathlib/CategoryTheory/Limits/Shapes/Images.lean: ok  calls=1  msgs=1  (4.8s)
[284/723] Mathlib/CategoryTheory/Limits/Shapes/PiProd.lean: ok  calls=2  msgs=2  (2.7s)
[285/723] Mathlib/CategoryTheory/Limits/Types/Coequalizers.lean: ok  calls=1  msgs=1  (2.7s)
[286/723] Mathlib/CategoryTheory/Limits/Types/ColimitType.lean: ok  calls=4  msgs=4  (2.6s)
[287/723] Mathlib/CategoryTheory/Limits/Shapes/Pullback/PullbackCone.lean: ok  calls=1  msgs=1  (3.6s)
[288/723] Mathlib/CategoryTheory/Limits/Types/Colimits.lean: ok  calls=1  msgs=1  (2.5s)
[289/723] Mathlib/CategoryTheory/Limits/Shapes/Kernels.lean: ok  calls=2  msgs=2  (7.5s)
[290/723] Mathlib/CategoryTheory/Limits/Shapes/Multiequalizer.lean: ok  calls=1  msgs=1  (7.2s)
[291/723] Mathlib/CategoryTheory/Limits/Types/Coproducts.lean: ok  calls=2  msgs=2  (2.8s)
[292/723] Mathlib/CategoryTheory/Localization/Bousfield.lean: ok  calls=1  msgs=1  (2.8s)
[293/723] Mathlib/CategoryTheory/Limits/Shapes/WidePullbacks.lean: ok  calls=1  msgs=1  (6.2s)
[294/723] Mathlib/CategoryTheory/Limits/Types/Pullbacks.lean: ok  calls=2  msgs=2  (3.7s)
[295/723] Mathlib/CategoryTheory/Localization/Predicate.lean: ok  calls=1  msgs=1  (3.5s)
[296/723] Mathlib/CategoryTheory/Monad/Comonadicity.lean: ok  calls=1  msgs=1  (3.6s)
[297/723] Mathlib/CategoryTheory/Limits/Shapes/Products.lean: ok  calls=1  msgs=1  (9.9s)
[298/723] Mathlib/CategoryTheory/Monoidal/Closed/FunctorToTypes.lean: ok  calls=1  msgs=1  (3.2s)
[299/723] Mathlib/CategoryTheory/MorphismProperty/Concrete.lean: ok  calls=3  msgs=3  (2.2s)
[300/723] Mathlib/CategoryTheory/ObjectProperty/Local.lean: ok  calls=2  msgs=2  (2.2s)
[301/723] Mathlib/CategoryTheory/ObjectProperty/LimitsClosure.lean: ok  calls=1  msgs=1  (2.8s)
[302/723] Mathlib/CategoryTheory/Monoidal/FunctorCategory.lean: ok  calls=2  msgs=2  (5.0s)
[303/723] Mathlib/CategoryTheory/ObjectProperty/Small.lean: ok  calls=3  msgs=3  (2.8s)
[304/723] Mathlib/CategoryTheory/Monoidal/Cartesian/Basic.lean: ok  calls=4  msgs=4  (7.5s)
[305/723] Mathlib/CategoryTheory/Quotient.lean: ok  calls=4  msgs=4  (2.9s)
[306/723] Mathlib/CategoryTheory/Presentable/IsCardinalFiltered.lean: ok  calls=1  msgs=1  (3.3s)
[307/723] Mathlib/CategoryTheory/Presentable/Directed.lean: ok  calls=3  msgs=3  (3.9s)
[308/723] Mathlib/CategoryTheory/Sites/Coherent/Comparison.lean: ok  calls=1  msgs=1  (2.9s)
[309/723] Mathlib/CategoryTheory/Sites/Coherent/RegularSheaves.lean: ok  calls=4  msgs=4  (3.1s)
[310/723] Mathlib/CategoryTheory/Shift/CommShiftTwo.lean: ok  calls=3  msgs=3  (4.0s)
[311/723] Mathlib/CategoryTheory/Preadditive/Biproducts.lean: ok  calls=4  msgs=4  (6.9s)
[312/723] Mathlib/CategoryTheory/Sites/Coverage.lean: ok  calls=1  msgs=1  (3.2s)
[313/723] Mathlib/CategoryTheory/Sites/LocallyFullyFaithful.lean: ok  calls=1  msgs=1  (2.5s)
[314/723] Mathlib/CategoryTheory/Sites/Descent/IsPrestack.lean: ok  calls=6  msgs=6  (4.2s)
[315/723] Mathlib/CategoryTheory/Sites/LocallyInjective.lean: ok  calls=1  msgs=1  (3.1s)
[316/723] Mathlib/CategoryTheory/Sites/NonabelianCohomology/H1.lean: ok  calls=2  msgs=2  (2.8s)
[317/723] Mathlib/CategoryTheory/Sites/IsSheafFor.lean: ok  calls=1  msgs=1  (6.0s)
[318/723] Mathlib/CategoryTheory/Skeletal.lean: ok  calls=1  msgs=1  (3.2s)
[319/723] Mathlib/CategoryTheory/Sites/Over.lean: ok  calls=1  msgs=1  (4.1s)
[320/723] Mathlib/CategoryTheory/Subfunctor/Basic.lean: ok  calls=6  msgs=6  (3.0s)
[321/723] Mathlib/CategoryTheory/Subfunctor/Equalizer.lean: ok  calls=1  msgs=1  (2.4s)
[322/723] Mathlib/CategoryTheory/Subfunctor/Image.lean: ok  calls=9  msgs=9  (3.0s)
[323/723] Mathlib/CategoryTheory/SmallObject/Iteration/Basic.lean: ok  calls=1  msgs=1  (4.3s)
[324/723] Mathlib/CategoryTheory/Triangulated/Opposite/Triangulated.lean: ok  calls=1  msgs=1  (2.9s)
[325/723] Mathlib/CategoryTheory/Widesubcategory.lean: ok  calls=1  msgs=1  (2.3s)
[326/723] Mathlib/CategoryTheory/Types/Basic.lean: ok  calls=1  msgs=1  (2.8s)
[327/723] Mathlib/Combinatorics/Additive/Convolution.lean: ok  calls=1  msgs=1  (3.1s)
[328/723] Mathlib/CategoryTheory/Monoidal/DayConvolution.lean: ok  calls=5  msgs=5  (18.3s)
[329/723] Mathlib/Combinatorics/Additive/SubsetSum.lean: ok  calls=1  msgs=1  (2.2s)
[330/723] Mathlib/CategoryTheory/Triangulated/Basic.lean: ok  calls=6  msgs=6  (7.8s)
[331/723] Mathlib/Combinatorics/Additive/Energy.lean: ok  calls=4  msgs=4  (5.0s)
[332/723] Mathlib/CategoryTheory/WithTerminal/Cone.lean: ok  calls=2  msgs=2  (6.2s)
[333/723] Mathlib/Combinatorics/Enumerative/Catalan.lean: ok  calls=1  msgs=1  (3.1s)
[334/723] Mathlib/Combinatorics/Colex.lean: ok  calls=4  msgs=4  (3.3s)
[335/723] Mathlib/Combinatorics/Additive/FreimanHom.lean: ok  calls=5  msgs=5  (6.4s)
[336/723] Mathlib/Combinatorics/Graph/Subgraph.lean: ok  calls=2  msgs=2  (3.0s)
[337/723] Mathlib/Combinatorics/HalesJewett.lean: ok  calls=1  msgs=1  (2.8s)
[338/723] Mathlib/Combinatorics/Enumerative/IncidenceAlgebra.lean: ok  calls=3  msgs=3  (5.9s)
[339/723] Mathlib/Combinatorics/Graph/Basic.lean: ok  calls=6  msgs=6  (3.6s)
[340/723] Mathlib/Combinatorics/Enumerative/InclusionExclusion.lean: ok  calls=2  msgs=2  (4.0s)
[341/723] Mathlib/Combinatorics/Matroid/Basic.lean: ok  calls=1  msgs=1  (3.7s)
[342/723] Mathlib/Combinatorics/Matroid/Circuit.lean: ok  calls=1  msgs=1  (3.3s)
[343/723] Mathlib/Combinatorics/Matroid/Loop.lean: ok  calls=1  msgs=1  (3.5s)
[344/723] Mathlib/Combinatorics/Matroid/Map.lean: ok  calls=1  msgs=1  (3.6s)
[345/723] Mathlib/Combinatorics/Matroid/Closure.lean: ok  calls=3  msgs=3  (5.6s)
[346/723] Mathlib/Combinatorics/Schnirelmann.lean: ok  calls=2  msgs=2  (4.9s)
[347/723] Mathlib/Combinatorics/SetFamily/FourFunctions.lean: ok  calls=1  msgs=1  (5.2s)
[348/723] Mathlib/Combinatorics/Matroid/IndepAxioms.lean: ok  calls=1  msgs=1  (6.3s)
[349/723] Mathlib/Combinatorics/SetFamily/Shadow.lean: ok  calls=3  msgs=3  (5.5s)
[350/723] Mathlib/Combinatorics/SimpleGraph/AdjMatrix.lean: ok  calls=8  msgs=8  (4.0s)
[351/723] Mathlib/CategoryTheory/WithTerminal/Basic.lean: ok  calls=2  msgs=2  (18.2s)
[352/723] Mathlib/Combinatorics/SimpleGraph/Acyclic.lean: ok  calls=4  msgs=4  (4.7s)
[353/723] Mathlib/Combinatorics/SimpleGraph/Connectivity/Connected.lean: ok  calls=1  msgs=1  (3.6s)
[354/723] Mathlib/Combinatorics/SimpleGraph/Connectivity/Represents.lean: ok  calls=2  msgs=2  (2.8s)
[355/723] Mathlib/Combinatorics/SimpleGraph/Bipartite.lean: ok  calls=1  msgs=1  (5.0s)
[356/723] Mathlib/Combinatorics/SimpleGraph/LineGraph.lean: ok  calls=1  msgs=1  (2.6s)
[357/723] Mathlib/Combinatorics/SimpleGraph/CompleteMultipartite.lean: ok  calls=2  msgs=2  (5.1s)
[358/723] Mathlib/Combinatorics/SimpleGraph/Clique.lean: ok  calls=4  msgs=4  (6.2s)
[359/723] Mathlib/Combinatorics/SimpleGraph/Finite.lean: ok  calls=1  msgs=1  (4.2s)
[360/723] Mathlib/Combinatorics/SimpleGraph/Connectivity/Subgraph.lean: ok  calls=5  msgs=5  (4.4s)
[361/723] Mathlib/Combinatorics/SimpleGraph/Operations.lean: ok  calls=9  msgs=9  (3.9s)
[362/723] Mathlib/Combinatorics/SimpleGraph/Maps.lean: ok  calls=2  msgs=2  (4.7s)
[363/723] Mathlib/Combinatorics/SimpleGraph/Paths.lean: ok  calls=3  msgs=3  (4.0s)
[364/723] Mathlib/Combinatorics/SimpleGraph/Regularity/Equitabilise.lean: ok  calls=1  msgs=1  (3.5s)
[365/723] Mathlib/Combinatorics/SimpleGraph/Matching.lean: ok  calls=5  msgs=5  (5.8s)
[366/723] Mathlib/Combinatorics/SimpleGraph/Triangle/Counting.lean: ok  calls=1  msgs=0  (2.4s)
[367/723] Mathlib/Combinatorics/SimpleGraph/Prod.lean: ok  calls=2  msgs=2  (5.5s)
[368/723] Mathlib/Combinatorics/SimpleGraph/Triangle/Basic.lean: ok  calls=6  msgs=6  (4.6s)
[369/723] Mathlib/Combinatorics/SimpleGraph/Subgraph.lean: ok  calls=6  msgs=6  (5.0s)
[370/723] Mathlib/Combinatorics/SimpleGraph/Triangle/Tripartite.lean: ok  calls=1  msgs=1  (4.0s)
[371/723] Mathlib/Combinatorics/SimpleGraph/Walk/Basic.lean: ok  calls=2  msgs=2  (4.8s)
[372/723] Mathlib/Condensed/TopComparison.lean: ok  calls=1  msgs=1  (3.9s)
[373/723] Mathlib/Combinatorics/SimpleGraph/Tutte.lean: ok  calls=3  msgs=3  (6.0s)
[374/723] Mathlib/Control/Bifunctor.lean: ok  calls=2  msgs=2  (2.6s)
[375/723] Mathlib/Data/Bool/Count.lean: ok  calls=1  msgs=1  (2.8s)
[376/723] Mathlib/Computability/AkraBazzi/AkraBazzi.lean: ok  calls=3  msgs=3  (7.9s)
[377/723] Mathlib/Data/ENat/Lattice.lean: ok  calls=1  msgs=1  (2.7s)
[378/723] Mathlib/Data/DFinsupp/BigOperators.lean: ok  calls=1  msgs=1  (5.0s)
[379/723] Mathlib/Data/Complex/Basic.lean: ok  calls=2  msgs=2  (5.0s)
[380/723] Mathlib/Data/DFinsupp/Defs.lean: ok  calls=1  msgs=1  (5.1s)
[381/723] Mathlib/Computability/AkraBazzi/SumTransform.lean: ok  calls=10  msgs=0  (9.7s)
[382/723] Mathlib/Data/EReal/Basic.lean: ok  calls=5  msgs=5  (4.5s)
[383/723] Mathlib/Data/FinEnum.lean: ok  calls=1  msgs=1  (3.3s)
[384/723] Mathlib/Data/Finset/Basic.lean: ok  calls=3  msgs=3  (3.8s)
[385/723] Mathlib/Data/Fin/Tuple/Basic.lean: ok  calls=1  msgs=1  (4.8s)
[386/723] Mathlib/Data/EReal/Operations.lean: ok  calls=2  msgs=2  (6.0s)
[387/723] Mathlib/Condensed/Light/Sequence.lean: ok  calls=1  msgs=1  (14.7s)
[388/723] Mathlib/Data/Finset/PImage.lean: ok  calls=2  msgs=2  (3.8s)
[389/723] Mathlib/Data/Finset/Card.lean: ok  calls=1  msgs=1  (5.7s)
[390/723] Mathlib/Data/Finset/Powerset.lean: ok  calls=1  msgs=1  (3.1s)
[391/723] Mathlib/Data/Finset/Preimage.lean: ok  calls=1  msgs=1  (2.8s)
[392/723] Mathlib/Data/Finset/Prod.lean: ok  calls=1  msgs=1  (2.7s)
[393/723] Mathlib/Data/Finset/SDiff.lean: ok  calls=1  msgs=1  (2.5s)
[394/723] Mathlib/Data/Finset/Sum.lean: ok  calls=2  msgs=2  (2.6s)
[395/723] Mathlib/Data/Finset/Union.lean: ok  calls=1  msgs=1  (2.8s)
[396/723] Mathlib/Data/Finsupp/Pointwise.lean: ok  calls=2  msgs=2  (2.7s)
[397/723] Mathlib/Condensed/Discrete/Colimit.lean: ok  calls=6  msgs=6  (19.8s)
[398/723] Mathlib/Data/Fintype/Pi.lean: ok  calls=2  msgs=2  (2.6s)
[399/723] Mathlib/Data/Fintype/Perm.lean: ok  calls=1  msgs=1  (3.0s)
[400/723] Mathlib/Data/Finset/Sups.lean: ok  calls=3  msgs=3  (5.6s)
[401/723] Mathlib/Data/Fintype/Sigma.lean: ok  calls=4  msgs=4  (3.3s)
[402/723] Mathlib/Data/Int/CardIntervalMod.lean: ok  calls=2  msgs=2  (3.0s)
[403/723] Mathlib/Data/Finsupp/Weight.lean: ok  calls=3  msgs=3  (5.1s)
[404/723] Mathlib/Data/Int/GCD.lean: ok  calls=2  msgs=2  (2.4s)
[405/723] Mathlib/Data/Int/Fib/Basic.lean: ok  calls=2  msgs=2  (3.1s)
[406/723] Mathlib/Data/List/Nodup.lean: ok  calls=1  msgs=1  (2.8s)
[407/723] Mathlib/Data/Finsupp/Basic.lean: ok  calls=2  msgs=2  (8.6s)
[408/723] Mathlib/Data/List/PeriodicityLemma.lean: ok  calls=1  msgs=1  (3.6s)
[409/723] Mathlib/Data/Matrix/Composition.lean: ok  calls=1  msgs=1  (3.3s)
[410/723] Mathlib/Data/Matrix/Basis.lean: ok  calls=2  msgs=2  (4.5s)
[411/723] Mathlib/Data/Multiset/Fintype.lean: ok  calls=1  msgs=1  (3.6s)
[412/723] Mathlib/Data/List/Basic.lean: ok  calls=1  msgs=1  (7.8s)
[413/723] Mathlib/Data/Nat/Choose/Multinomial.lean: ok  calls=3  msgs=3  (3.7s)
[414/723] Mathlib/Data/Option/Basic.lean: ok  calls=1  msgs=1  (1.9s)
[415/723] Mathlib/Data/Nat/Factorization/Defs.lean: ok  calls=1  msgs=1  (3.0s)
[416/723] Mathlib/Data/Nat/Digits/Lemmas.lean: ok  calls=1  msgs=1  (3.2s)
[417/723] Mathlib/Data/Matrix/Cartan.lean: ok  calls=1  msgs=1  (7.4s)
[418/723] Mathlib/Data/NNReal/Defs.lean: ok  calls=2  msgs=2  (5.7s)
[419/723] Mathlib/Data/PFun.lean: ok  calls=2  msgs=2  (2.7s)
[420/723] Mathlib/Data/Set/Constructions.lean: ok  calls=1  msgs=1  (2.2s)
[421/723] Mathlib/Data/Part.lean: ok  calls=13  msgs=13  (3.2s)
[422/723] Mathlib/Data/Matrix/Basic.lean: ok  calls=4  msgs=4  (11.6s)
[423/723] Mathlib/Data/Rel.lean: ok  calls=55  msgs=55  (4.8s)
[424/723] Mathlib/Data/Set/Finite/Basic.lean: ok  calls=1  msgs=1  (4.2s)
[425/723] Mathlib/Data/Set/Finite/Range.lean: ok  calls=2  msgs=2  (3.5s)
[426/723] Mathlib/Data/Set/Finite/Lattice.lean: ok  calls=2  msgs=2  (4.5s)
[427/723] Mathlib/Data/Set/Card.lean: ok  calls=1  msgs=1  (5.7s)
[428/723] Mathlib/Data/Set/Function.lean: ok  calls=3  msgs=3  (4.4s)
[429/723] Mathlib/Data/Set/Insert.lean: ok  calls=1  msgs=1  (3.1s)
[430/723] Mathlib/Data/Set/Image.lean: ok  calls=7  msgs=7  (4.9s)
[431/723] Mathlib/Data/Set/Operations.lean: ok  calls=2  msgs=2  (2.9s)
[432/723] Mathlib/Data/Set/Pairwise/Basic.lean: ok  calls=1  msgs=1  (3.1s)
[433/723] Mathlib/Data/Set/Pairwise/Lattice.lean: ok  calls=1  msgs=1  (3.1s)
[434/723] Mathlib/Data/Set/Lattice/Image.lean: ok  calls=4  msgs=4  (4.7s)
[435/723] Mathlib/Data/Set/PowersetCard.lean: ok  calls=2  msgs=2  (3.6s)
[436/723] Mathlib/Data/Set/Subsingleton.lean: ok  calls=1  msgs=1  (2.5s)
[437/723] Mathlib/Data/Set/Sigma.lean: ok  calls=2  msgs=2  (3.4s)
[438/723] Mathlib/Data/Set/Prod.lean: ok  calls=7  msgs=7  (4.0s)
[439/723] Mathlib/Data/Sym/Card.lean: ok  calls=2  msgs=2  (3.4s)
[440/723] Mathlib/Data/Set/Sups.lean: ok  calls=2  msgs=2  (4.2s)
[441/723] Mathlib/Data/Sym/Sym2/Order.lean: ok  calls=1  msgs=1  (2.9s)
[442/723] Mathlib/Data/Sum/Order.lean: ok  calls=1  msgs=1  (4.7s)
[443/723] Mathlib/FieldTheory/ChevalleyWarning.lean: ok  calls=1  msgs=1  (3.6s)
[444/723] Mathlib/FieldTheory/AbelRuffini.lean: ok  calls=1  msgs=1  (4.4s)
[445/723] Mathlib/FieldTheory/Finite/Polynomial.lean: ok  calls=1  msgs=1  (3.9s)
[446/723] Mathlib/Data/Sym/Sym2.lean: ok  calls=18  msgs=18  (5.6s)
[447/723] Mathlib/FieldTheory/IsSepClosed.lean: ok  calls=1  msgs=1  (3.9s)
[448/723] Mathlib/FieldTheory/IsRealClosed/Basic.lean: ok  calls=3  msgs=3  (4.1s)
[449/723] Mathlib/Geometry/Convex/Cone/Pointed.lean: ok  calls=1  msgs=1  (5.0s)
[450/723] Mathlib/Geometry/Manifold/LocalInvariantProperties.lean: ok  calls=1  msgs=1  (3.8s)
[451/723] Mathlib/FieldTheory/SeparablyGenerated.lean: ok  calls=8  msgs=8  (7.7s)
[452/723] Mathlib/Geometry/Diffeology/Basic.lean: ok  calls=1  msgs=1  (5.7s)
[453/723] Mathlib/Geometry/Convex/Cone/Dual.lean: ok  calls=1  msgs=1  (6.6s)
[454/723] Mathlib/Geometry/Euclidean/Sphere/Power.lean: ok  calls=3  msgs=3  (6.6s)
[455/723] Mathlib/GroupTheory/Complement.lean: ok  calls=2  msgs=2  (6.4s)
[456/723] Mathlib/GroupTheory/Coset/Card.lean: ok  calls=1  msgs=1  (3.5s)
[457/723] Mathlib/GroupTheory/Focal.lean: ok  calls=2  msgs=2  (3.6s)
[458/723] Mathlib/GroupTheory/Exponent.lean: ok  calls=1  msgs=1  (4.4s)
[459/723] Mathlib/GroupTheory/CoprodI.lean: ok  calls=1  msgs=1  (5.9s)
[460/723] Mathlib/FieldTheory/SeparableDegree.lean: ok  calls=1  msgs=1  (13.5s)
[461/723] Mathlib/GroupTheory/DivisibleHull.lean: ok  calls=3  msgs=3  (6.4s)
[462/723] Mathlib/GroupTheory/GroupAction/SubMulAction/Combination.lean: ok  calls=1  msgs=1  (4.2s)
[463/723] Mathlib/GroupTheory/Perm/Cycle/Basic.lean: ok  calls=1  msgs=1  (3.6s)
[464/723] Mathlib/GroupTheory/GroupAction/SubMulAction/OfStabilizer.lean: ok  calls=2  msgs=2  (4.6s)
[465/723] Mathlib/GroupTheory/Coxeter/Matrix.lean: ok  calls=7  msgs=7  (9.6s)
[466/723] Mathlib/GroupTheory/GroupAction/MultiplePrimitivity.lean: ok  calls=1  msgs=1  (8.2s)
[467/723] Mathlib/GroupTheory/Perm/MaximalSubgroups.lean: ok  calls=5  msgs=5  (4.4s)
[468/723] Mathlib/GroupTheory/QuotientGroup/Defs.lean: ok  calls=1  msgs=1  (4.6s)
[469/723] Mathlib/GroupTheory/GroupAction/SubMulAction.lean: ok  calls=4  msgs=4  (7.1s)
[470/723] Mathlib/GroupTheory/SpecificGroups/Alternating/MaximalSubgroups.lean: ok  calls=5  msgs=5  (3.7s)
[471/723] Mathlib/GroupTheory/Submonoid/Center.lean: ok  calls=1  msgs=1  (2.9s)
[472/723] Mathlib/GroupTheory/SpecificGroups/Alternating.lean: ok  calls=2  msgs=2  (4.2s)
[473/723] Mathlib/GroupTheory/Perm/Cycle/Type.lean: ok  calls=1  msgs=1  (8.7s)
[474/723] Mathlib/LinearAlgebra/AffineSpace/Ceva.lean: ok  calls=1  msgs=1  (4.6s)
[475/723] Mathlib/GroupTheory/SpecificGroups/Cyclic.lean: ok  calls=2  msgs=2  (6.3s)
[476/723] Mathlib/LinearAlgebra/AffineSpace/FiniteDimensional.lean: ok  calls=1  msgs=1  (5.6s)
[477/723] Mathlib/LinearAlgebra/Dimension/Finite.lean: ok  calls=1  msgs=1  (4.4s)
[478/723] Mathlib/LinearAlgebra/AffineSpace/Independent.lean: ok  calls=2  msgs=2  (6.4s)
[479/723] Mathlib/LinearAlgebra/Dimension/Constructions.lean: ok  calls=4  msgs=4  (5.5s)
[480/723] Mathlib/LinearAlgebra/Dual/Defs.lean: ok  calls=1  msgs=1  (5.5s)
[481/723] Mathlib/LinearAlgebra/BilinearForm/TensorProduct.lean: ok  calls=1  msgs=1  (8.1s)
[482/723] Mathlib/LinearAlgebra/FiniteDimensional/Lemmas.lean: ok  calls=3  msgs=3  (4.6s)
[483/723] Mathlib/LinearAlgebra/Eigenspace/Basic.lean: ok  calls=1  msgs=1  (7.4s)
[484/723] Mathlib/LinearAlgebra/ExteriorAlgebra/Basic.lean: ok  calls=2  msgs=2  (6.9s)
[485/723] Mathlib/LinearAlgebra/Finsupp/Pi.lean: ok  calls=3  msgs=3  (3.8s)
[486/723] Mathlib/LinearAlgebra/FiniteDimensional/Basic.lean: ok  calls=2  msgs=2  (6.6s)
[487/723] Mathlib/LinearAlgebra/Finsupp/LinearCombination.lean: ok  calls=1  msgs=1  (5.8s)
[488/723] Mathlib/LinearAlgebra/Finsupp/Span.lean: ok  calls=1  msgs=1  (3.3s)
[489/723] Mathlib/LinearAlgebra/FixedSubmodule.lean: ok  calls=4  msgs=4  (3.6s)
[490/723] Mathlib/LinearAlgebra/ExteriorPower/Basic.lean: ok  calls=9  msgs=9  (9.6s)
[491/723] Mathlib/LinearAlgebra/LinearIndependent/BaseChange.lean: ok  calls=1  msgs=1  (3.9s)
[492/723] Mathlib/LinearAlgebra/FreeProduct/Basic.lean: ok  calls=3  msgs=3  (4.5s)
[493/723] Mathlib/LinearAlgebra/FreeModule/ModN.lean: ok  calls=1  msgs=1  (5.1s)
[494/723] Mathlib/LinearAlgebra/Matrix/Determinant/TotallyUnimodular.lean: ok  calls=1  msgs=1  (3.2s)
[495/723] Mathlib/LinearAlgebra/LinearIndependent/Basic.lean: ok  calls=2  msgs=2  (6.1s)
[496/723] Mathlib/LinearAlgebra/Matrix/Irreducible/Defs.lean: ok  calls=1  msgs=1  (3.2s)
[497/723] Mathlib/LinearAlgebra/Matrix/Hadamard.lean: ok  calls=3  msgs=3  (3.8s)
[498/723] Mathlib/LinearAlgebra/LinearIndependent/Defs.lean: ok  calls=1  msgs=1  (6.9s)
[499/723] Mathlib/LinearAlgebra/Matrix/FixedDetMatrices.lean: ok  calls=1  msgs=1  (4.7s)
[500/723] Mathlib/LinearAlgebra/LinearIndependent/Lemmas.lean: ok  calls=4  msgs=4  (7.1s)
[501/723] Mathlib/LinearAlgebra/Dual/Lemmas.lean: ok  calls=3  msgs=3  (18.8s)
[502/723] Mathlib/LinearAlgebra/Matrix/Nondegenerate.lean: ok  calls=1  msgs=1  (3.6s)
[503/723] Mathlib/LinearAlgebra/Matrix/Notation.lean: ok  calls=1  msgs=1  (4.5s)
[504/723] Mathlib/LinearAlgebra/Matrix/Permutation.lean: ok  calls=1  msgs=1  (3.6s)
[505/723] Mathlib/LinearAlgebra/Matrix/Unique.lean: ok  calls=1  msgs=1  (2.7s)
[506/723] Mathlib/LinearAlgebra/Matrix/Rank.lean: ok  calls=1  msgs=1  (5.1s)
[507/723] Mathlib/LinearAlgebra/Multilinear/TensorProduct.lean: ok  calls=4  msgs=4  (2.6s)
[508/723] Mathlib/LinearAlgebra/Matrix/SpecialLinearGroup.lean: ok  calls=2  msgs=2  (5.6s)
[509/723] Mathlib/LinearAlgebra/Multilinear/Curry.lean: ok  calls=2  msgs=2  (4.2s)
[510/723] Mathlib/LinearAlgebra/Projectivization/Cardinality.lean: ok  calls=2  msgs=2  (3.4s)
[511/723] Mathlib/LinearAlgebra/PerfectPairing/Restrict.lean: ok  calls=2  msgs=2  (6.4s)
[512/723] Mathlib/LinearAlgebra/Multilinear/Basic.lean: ok  calls=2  msgs=0  (9.2s)
[513/723] Mathlib/LinearAlgebra/Prod.lean: ok  calls=9  msgs=9  (7.5s)
[514/723] Mathlib/LinearAlgebra/Matrix/ToLin.lean: ok  calls=2  msgs=2  (13.3s)
[515/723] Mathlib/LinearAlgebra/Matrix/SesquilinearForm.lean: ok  calls=1  msgs=1  (14.5s)
[516/723] Mathlib/LinearAlgebra/RootSystem/Base.lean: ok  calls=6  msgs=6  (6.6s)
[517/723] Mathlib/LinearAlgebra/PiTensorProduct.lean: ok  calls=4  msgs=4  (11.9s)
[518/723] Mathlib/LinearAlgebra/RootSystem/CartanMatrix.lean: ok  calls=3  msgs=3  (8.6s)
[519/723] Mathlib/LinearAlgebra/RootSystem/BaseExists.lean: ok  calls=7  msgs=7  (9.5s)
[520/723] Mathlib/LinearAlgebra/QuadraticForm/TensorProduct.lean: ok  calls=1  msgs=1  (13.1s)
[521/723] Mathlib/LinearAlgebra/RootSystem/Chain.lean: ok  calls=1  msgs=1  (8.1s)
[522/723] Mathlib/LinearAlgebra/RootSystem/Finite/CanonicalBilinear.lean: ok  calls=1  msgs=1  (9.1s)
[523/723] Mathlib/LinearAlgebra/RootSystem/Finite/Lemmas.lean: ok  calls=10  msgs=10  (11.3s)
[524/723] Mathlib/LinearAlgebra/RootSystem/GeckConstruction/Lemmas.lean: ok  calls=3  msgs=3  (9.3s)
[525/723] Mathlib/LinearAlgebra/RootSystem/GeckConstruction/Basic.lean: ok  calls=3  msgs=3  (12.4s)
[526/723] Mathlib/LinearAlgebra/RootSystem/Irreducible.lean: ok  calls=1  msgs=1  (6.5s)
[527/723] Mathlib/LinearAlgebra/RootSystem/GeckConstruction/Relations.lean: ok  calls=11  msgs=11  (10.7s)
[528/723] Mathlib/LinearAlgebra/RootSystem/GeckConstruction/Basis.lean: ok  calls=1  msgs=1  (12.8s)
[529/723] Mathlib/LinearAlgebra/RootSystem/Finite/G2.lean: ok  calls=5  msgs=5  (17.9s)
[530/723] Mathlib/LinearAlgebra/Span/Defs.lean: ok  calls=1  msgs=1  (4.7s)
[531/723] Mathlib/LinearAlgebra/Span/Basic.lean: ok  calls=1  msgs=1  (5.8s)
[532/723] Mathlib/LinearAlgebra/TensorProduct/DirectLimit.lean: ok  calls=2  msgs=2  (4.5s)
[533/723] Mathlib/LinearAlgebra/SesquilinearForm/Basic.lean: ok  calls=2  msgs=2  (10.1s)
[534/723] Mathlib/Logic/Equiv/Basic.lean: ok  calls=2  msgs=2  (3.7s)
[535/723] Mathlib/Logic/Equiv/Set.lean: ok  calls=1  msgs=1  (3.4s)
[536/723] Mathlib/LinearAlgebra/TensorProduct/Defs.lean: ok  calls=2  msgs=2  (8.3s)
[537/723] Mathlib/LinearAlgebra/SpecialLinearGroup.lean: ok  calls=3  msgs=3  (9.7s)
[538/723] Mathlib/LinearAlgebra/Transvection/Basic.lean: ok  calls=3  msgs=3  (7.0s)
[539/723] Mathlib/MeasureTheory/Constructions/BorelSpace/Basic.lean: ok  calls=1  msgs=1  (4.4s)
[540/723] Mathlib/MeasureTheory/Function/ConditionalExpectation/CondJensen.lean: ok  calls=2  msgs=2  (4.7s)
[541/723] Mathlib/MeasureTheory/Group/GeometryOfNumbers.lean: ok  calls=1  msgs=1  (4.6s)
[542/723] Mathlib/MeasureTheory/Measure/Dirac.lean: ok  calls=1  msgs=1  (3.6s)
[543/723] Mathlib/MeasureTheory/Integral/CircleIntegral.lean: ok  calls=1  msgs=1  (6.7s)
[544/723] Mathlib/MeasureTheory/Integral/IntervalIntegral/Periodic.lean: ok  calls=3  msgs=3  (6.3s)
[545/723] Mathlib/MeasureTheory/Integral/Prod.lean: ok  calls=1  msgs=1  (6.2s)
[546/723] Mathlib/ModelTheory/Substructures.lean: ok  calls=1  msgs=1  (4.5s)
[547/723] Mathlib/LinearAlgebra/RootSystem/GeckConstruction/Semisimple.lean: ok  calls=2  msgs=2  (26.1s)
[548/723] Mathlib/NumberTheory/ArithmeticFunction/Misc.lean: ok  calls=3  msgs=3  (3.3s)
[549/723] Mathlib/NumberTheory/ArithmeticFunction/Defs.lean: ok  calls=2  msgs=2  (5.2s)
[550/723] Mathlib/ModelTheory/ElementaryMaps.lean: ok  calls=1  msgs=1  (6.2s)
[551/723] Mathlib/MeasureTheory/Measure/Haar/OfBasis.lean: ok  calls=3  msgs=3  (8.6s)
[552/723] Mathlib/NumberTheory/Chebyshev.lean: ok  calls=1  msgs=1  (6.0s)
[553/723] Mathlib/NumberTheory/LSeries/SumCoeff.lean: ok  calls=1  msgs=1  (6.1s)
[554/723] Mathlib/NumberTheory/ModularForms/ArithmeticSubgroups.lean: ok  calls=2  msgs=2  (6.0s)
[555/723] Mathlib/NumberTheory/Divisors.lean: ok  calls=5  msgs=5  (8.1s)
[556/723] Mathlib/NumberTheory/MahlerMeasure.lean: ok  calls=3  msgs=3  (6.7s)
[557/723] Mathlib/NumberTheory/ModularForms/DedekindEta.lean: ok  calls=1  msgs=1  (6.0s)
[558/723] Mathlib/NumberTheory/ModularForms/EisensteinSeries/Defs.lean: ok  calls=1  msgs=1  (4.8s)
[559/723] Mathlib/NumberTheory/ModularForms/Cusps.lean: ok  calls=2  msgs=2  (8.7s)
[560/723] Mathlib/NumberTheory/Cyclotomic/Basic.lean: ok  calls=3  msgs=3  (11.9s)
[561/723] Mathlib/NumberTheory/ModularForms/LevelOne.lean: ok  calls=1  msgs=1  (4.3s)
[562/723] Mathlib/NumberTheory/ModularForms/EisensteinSeries/E2/Transform.lean: ok  calls=4  msgs=4  (5.1s)
[563/723] Mathlib/NumberTheory/ModularForms/EisensteinSeries/E2/Summable.lean: ok  calls=3  msgs=3  (6.2s)
[564/723] Mathlib/NumberTheory/NumberField/CanonicalEmbedding/NormLeOne.lean: ok  calls=1  msgs=1  (8.5s)
[565/723] Mathlib/NumberTheory/NumberField/InfinitePlace/Embeddings.lean: ok  calls=1  msgs=1  (6.0s)
[566/723] Mathlib/NumberTheory/NumberField/InfinitePlace/Basic.lean: ok  calls=4  msgs=4  (7.9s)
[567/723] Mathlib/Order/Birkhoff.lean: ok  calls=2  msgs=2  (3.0s)
[568/723] Mathlib/Order/BooleanAlgebra/Defs.lean: ok  calls=2  msgs=2  (2.2s)
[569/723] Mathlib/NumberTheory/NumberField/InfinitePlace/Ramification.lean: ok  calls=5  msgs=5  (8.7s)
[570/723] Mathlib/Order/BooleanAlgebra/Basic.lean: ok  calls=1  msgs=1  (3.5s)
[571/723] Mathlib/NumberTheory/RatFunc/Ostrowski.lean: ok  calls=3  msgs=3  (9.3s)
[572/723] Mathlib/NumberTheory/NumberField/CMField.lean: ok  calls=2  msgs=2  (13.7s)
[573/723] Mathlib/NumberTheory/NumberField/Cyclotomic/Ideal.lean: ok  calls=1  msgs=1  (12.5s)
[574/723] Mathlib/Order/Closure.lean: ok  calls=1  msgs=1  (2.4s)
[575/723] Mathlib/NumberTheory/ModularForms/EisensteinSeries/QExpansion.lean: ok  calls=2  msgs=2  (16.4s)
[576/723] Mathlib/Order/ConditionallyCompletePartialOrder/Indexed.lean: ok  calls=1  msgs=1  (2.4s)
[577/723] Mathlib/Order/CompleteSublattice.lean: ok  calls=2  msgs=2  (3.0s)
[578/723] Mathlib/Order/Bounds/Basic.lean: ok  calls=1  msgs=1  (4.4s)
[579/723] Mathlib/Order/Filter/AtTopBot/Basic.lean: ok  calls=3  msgs=3  (2.6s)
[580/723] Mathlib/Order/CompactlyGenerated/Basic.lean: ok  calls=4  msgs=4  (3.7s)
[581/723] Mathlib/Order/BooleanSubalgebra.lean: ok  calls=1  msgs=1  (5.9s)
[582/723] Mathlib/Order/Filter/Bases/Basic.lean: ok  calls=1  msgs=1  (2.9s)
[583/723] Mathlib/Order/Filter/Ker.lean: ok  calls=1  msgs=1  (2.1s)
[584/723] Mathlib/Order/Filter/Extr.lean: ok  calls=1  msgs=1  (2.9s)
[585/723] Mathlib/Order/Fin/SuccAboveOrderIso.lean: ok  calls=1  msgs=1  (2.1s)
[586/723] Mathlib/Order/Filter/Ultrafilter/Basic.lean: ok  calls=1  msgs=1  (2.5s)
[587/723] Mathlib/Order/Fin/Basic.lean: ok  calls=1  msgs=1  (2.6s)
[588/723] Mathlib/Order/Filter/Cocardinal.lean: ok  calls=1  msgs=1  (4.7s)
[589/723] Mathlib/Order/Interval/Set/Image.lean: ok  calls=4  msgs=4  (2.5s)
[590/723] Mathlib/Order/Interval/Set/InitialSeg.lean: ok  calls=10  msgs=10  (2.8s)
[591/723] Mathlib/Order/Hom/Set.lean: ok  calls=2  msgs=2  (4.0s)
[592/723] Mathlib/Order/Interval/Set/SuccPred.lean: ok  calls=1  msgs=1  (3.1s)
[593/723] Mathlib/Order/Interval/Finset/Basic.lean: ok  calls=10  msgs=10  (4.5s)
[594/723] Mathlib/Order/Hom/Basic.lean: ok  calls=1  msgs=1  (5.3s)
[595/723] Mathlib/Order/IsNormal.lean: ok  calls=1  msgs=1  (3.4s)
[596/723] Mathlib/Order/Iterate.lean: ok  calls=1  msgs=1  (2.2s)
[597/723] Mathlib/Order/Interval/Set/Basic.lean: ok  calls=8  msgs=8  (5.1s)
[598/723] Mathlib/Order/PiLex.lean: ok  calls=2  msgs=2  (2.8s)
[599/723] Mathlib/Order/Minimal.lean: ok  calls=1  msgs=1  (3.9s)
[600/723] Mathlib/Order/OmegaCompletePartialOrder.lean: ok  calls=2  msgs=2  (3.8s)
[601/723] Mathlib/Order/ScottContinuity/Prod.lean: ok  calls=2  msgs=2  (2.7s)
[602/723] Mathlib/Order/SuccPred/IntervalSucc.lean: ok  calls=1  msgs=1  (3.3s)
[603/723] Mathlib/Order/SupClosed.lean: ok  calls=4  msgs=4  (3.7s)
[604/723] Mathlib/Order/SupIndep.lean: ok  calls=7  msgs=7  (3.9s)
[605/723] Mathlib/Order/RelSeries.lean: ok  calls=1  msgs=1  (6.2s)
[606/723] Mathlib/Probability/ConditionalProbability.lean: ok  calls=1  msgs=1  (3.9s)
[607/723] Mathlib/Order/UpperLower/Basic.lean: ok  calls=2  msgs=2  (5.0s)
[608/723] Mathlib/Probability/Kernel/Proper.lean: ok  calls=1  msgs=1  (4.4s)
[609/723] Mathlib/Probability/Process/Predictable.lean: ok  calls=6  msgs=6  (4.2s)
[610/723] Mathlib/Probability/Independence/Conditional.lean: ok  calls=1  msgs=1  (6.2s)
[611/723] Mathlib/Probability/Independence/Kernel/IndepFun.lean: ok  calls=1  msgs=1  (6.8s)
[612/723] Mathlib/Probability/StrongLaw.lean: ok  calls=2  msgs=2  (6.4s)
[613/723] Mathlib/RepresentationTheory/Submodule.lean: ok  calls=3  msgs=3  (4.2s)
[614/723] Mathlib/RingTheory/AlgebraicIndependent/Defs.lean: ok  calls=1  msgs=1  (3.1s)
[615/723] Mathlib/RingTheory/Adjoin/Singleton.lean: ok  calls=2  msgs=2  (3.9s)
[616/723] Mathlib/RepresentationTheory/Homological/GroupHomology/FiniteCyclic.lean: ok  calls=1  msgs=1  (6.6s)
[617/723] Mathlib/RepresentationTheory/Basic.lean: ok  calls=2  msgs=2  (8.8s)
[618/723] Mathlib/RingTheory/DedekindDomain/PID.lean: ok  calls=1  msgs=1  (4.5s)
[619/723] Mathlib/RingTheory/Coalgebra/Basic.lean: ok  calls=4  msgs=4  (7.8s)
[620/723] Mathlib/RingTheory/Etale/Basic.lean: ok  calls=2  msgs=2  (4.4s)
[621/723] Mathlib/RingTheory/Congruence/Hom.lean: ok  calls=1  msgs=1  (6.7s)
[622/723] Mathlib/RingTheory/HahnSeries/Cardinal.lean: ok  calls=1  msgs=1  (3.0s)
[623/723] Mathlib/RingTheory/GradedAlgebra/Homogeneous/Ideal.lean: ok  calls=1  msgs=1  (4.8s)
[624/723] Mathlib/RingTheory/Flat/FaithfullyFlat/Basic.lean: ok  calls=1  msgs=1  (6.0s)
[625/723] Mathlib/RingTheory/GradedAlgebra/AlgHom.lean: ok  calls=1  msgs=1  (5.5s)
[626/723] Mathlib/RingTheory/AdjoinRoot.lean: ok  calls=1  msgs=1  (15.2s)
[627/723] Mathlib/RingTheory/Ideal/Prime.lean: ok  calls=1  msgs=1  (2.8s)
[628/723] Mathlib/RingTheory/Ideal/Colon.lean: ok  calls=12  msgs=12  (5.1s)
[629/723] Mathlib/RingTheory/IdealFilter/Topology.lean: ok  calls=4  msgs=4  (3.5s)
[630/723] Mathlib/RingTheory/Extension/Cotangent/Basic.lean: ok  calls=2  msgs=2  (15.5s)
[631/723] Mathlib/RingTheory/Ideal/Maps.lean: ok  calls=1  msgs=1  (7.5s)
[632/723] Mathlib/RingTheory/DedekindDomain/Ideal/Lemmas.lean: ok  calls=1  msgs=1  (19.3s)
[633/723] Mathlib/RingTheory/Ideal/Operations.lean: ok  calls=1  msgs=1  (9.4s)
[634/723] Mathlib/RingTheory/IntegralClosure/IntegrallyClosed.lean: ok  calls=2  msgs=2  (5.1s)
[635/723] Mathlib/RingTheory/IntegralDomain.lean: ok  calls=1  msgs=1  (3.6s)
[636/723] Mathlib/RingTheory/HahnSeries/Multiplication.lean: ok  calls=4  msgs=4  (12.7s)
[637/723] Mathlib/RingTheory/DedekindDomain/AdicValuation.lean: ok  calls=3  msgs=3  (22.7s)
[638/723] Mathlib/RingTheory/LocalRing/LocalSubring.lean: ok  calls=1  msgs=1  (4.7s)
[639/723] Mathlib/RingTheory/MvPolynomial/Basic.lean: ok  calls=1  msgs=1  (3.8s)
[640/723] Mathlib/RingTheory/MvPolynomial/Homogeneous.lean: ok  calls=1  msgs=1  (5.2s)
[641/723] Mathlib/RingTheory/MvPolynomial/Ideal.lean: ok  calls=1  msgs=1  (5.0s)
[642/723] Mathlib/RingTheory/Localization/Basic.lean: ok  calls=1  msgs=1  (7.1s)
[643/723] Mathlib/RingTheory/MvPolynomial/IrreducibleQuadratic.lean: ok  calls=1  msgs=1  (4.8s)
[644/723] Mathlib/RingTheory/MatrixAlgebra.lean: ok  calls=1  msgs=1  (9.2s)
[645/723] Mathlib/RingTheory/NonUnitalSubsemiring/Defs.lean: ok  calls=1  msgs=1  (3.1s)
[646/723] Mathlib/RingTheory/Localization/AtPrime/Basic.lean: ok  calls=2  msgs=2  (11.5s)
[647/723] Mathlib/RingTheory/MvPolynomial/MonomialOrder.lean: ok  calls=3  msgs=3  (6.8s)
[648/723] Mathlib/RingTheory/Polynomial/Ideal.lean: ok  calls=1  msgs=1  (3.0s)
[649/723] Mathlib/RingTheory/MvPowerSeries/GaussNorm.lean: ok  calls=12  msgs=12  (6.6s)
[650/723] Mathlib/RingTheory/MvPowerSeries/Basic.lean: ok  calls=1  msgs=1  (7.2s)
[651/723] Mathlib/RingTheory/LocalRing/ResidueField/Polynomial.lean: ok  calls=1  msgs=1  (16.1s)
[652/723] Mathlib/RingTheory/MvPolynomial/Symmetric/NewtonIdentities.lean: ok  calls=3  msgs=3  (8.1s)
[653/723] Mathlib/RingTheory/Polynomial/GaussNorm.lean: ok  calls=1  msgs=1  (5.8s)
[654/723] Mathlib/RingTheory/PiTensorProduct.lean: ok  calls=1  msgs=1  (9.0s)
[655/723] Mathlib/RingTheory/Radical/NatInt.lean: ok  calls=1  msgs=1  (4.4s)
[656/723] Mathlib/RingTheory/PowerSeries/Restricted.lean: ok  calls=2  msgs=2  (6.8s)
[657/723] Mathlib/RingTheory/PolynomialLaw/Basic.lean: ok  calls=1  msgs=1  (8.1s)
[658/723] Mathlib/RingTheory/PowerSeries/Substitution.lean: ok  calls=1  msgs=1  (9.1s)
[659/723] Mathlib/RingTheory/TwoSidedIdeal/Basic.lean: ok  calls=1  msgs=1  (3.0s)
[660/723] Mathlib/RingTheory/TwoSidedIdeal/Kernel.lean: ok  calls=1  msgs=1  (2.0s)
[661/723] Mathlib/RingTheory/Polynomial/IsIntegral.lean: ok  calls=5  msgs=5  (12.9s)
[662/723] Mathlib/RingTheory/RootsOfUnity/PrimitiveRoots.lean: ok  calls=2  msgs=2  (6.2s)
[663/723] Mathlib/RingTheory/TwoSidedIdeal/Operations.lean: ok  calls=3  msgs=3  (4.0s)
[664/723] Mathlib/RingTheory/Spectrum/Prime/Topology.lean: ok  calls=1  msgs=1  (7.2s)
[665/723] Mathlib/RingTheory/Valuation/Discrete/RankOne.lean: ok  calls=2  msgs=2  (5.4s)
[666/723] Mathlib/SetTheory/Cardinal/HasCardinalLT.lean: ok  calls=1  msgs=1  (2.6s)
[667/723] Mathlib/RingTheory/Polynomial/Resultant/Basic.lean: ok  calls=8  msgs=8  (16.7s)
[668/723] Mathlib/SetTheory/Ordinal/CantorNormalForm.lean: ok  calls=1  msgs=1  (3.2s)
[669/723] Mathlib/RingTheory/Valuation/Discrete/Basic.lean: ok  calls=1  msgs=1  (7.1s)
[670/723] Mathlib/SetTheory/ZFC/Ordinal.lean: ok  calls=1  msgs=1  (2.9s)
[671/723] Mathlib/SetTheory/Ordinal/Exponential.lean: ok  calls=1  msgs=1  (3.5s)
[672/723] Mathlib/SetTheory/Ordinal/Veblen.lean: ok  calls=4  msgs=4  (3.8s)
[673/723] Mathlib/SetTheory/ZFC/VonNeumann.lean: ok  calls=2  msgs=2  (3.1s)
[674/723] Mathlib/Tactic/NormNum/Basic.lean: ok  calls=2  msgs=2  (5.3s)
[675/723] Mathlib/RingTheory/Valuation/Basic.lean: ok  calls=4  msgs=4  (13.4s)
[676/723] Mathlib/Topology/Algebra/InfiniteSum/Basic.lean: ok  calls=1  msgs=1  (5.3s)
[677/723] Mathlib/Topology/Algebra/Module/ModuleTopology.lean: ok  calls=1  msgs=1  (5.1s)
[678/723] Mathlib/Topology/Algebra/IsUniformGroup/Basic.lean: ok  calls=1  msgs=1  (6.2s)
[679/723] Mathlib/Topology/Algebra/RestrictedProduct/TopologicalSpace.lean: ok  calls=2  msgs=2  (3.5s)
[680/723] Mathlib/Topology/Algebra/Support.lean: ok  calls=1  msgs=1  (3.4s)
[681/723] Mathlib/Topology/Category/Compactum.lean: ok  calls=1  msgs=1  (3.5s)
[682/723] Mathlib/Topology/Bases.lean: ok  calls=3  msgs=3  (4.5s)
[683/723] Mathlib/Topology/Algebra/Module/Equiv.lean: ok  calls=2  msgs=2  (10.9s)
[684/723] Mathlib/Topology/Category/Profinite/Nobeling/Basic.lean: ok  calls=1  msgs=1  (4.5s)
[685/723] Mathlib/Topology/Algebra/Valued/ValuationTopology.lean: ok  calls=2  msgs=2  (7.8s)
[686/723] Mathlib/Topology/Category/Profinite/Nobeling/Span.lean: ok  calls=2  msgs=2  (3.6s)
[687/723] Mathlib/Topology/CWComplex/Classical/Basic.lean: ok  calls=1  msgs=1  (7.7s)
[688/723] Mathlib/Topology/Category/TopCat/Monoidal.lean: ok  calls=2  msgs=2  (3.9s)
[689/723] Mathlib/Topology/Compactness/Compact.lean: ok  calls=1  msgs=1  (4.2s)
[690/723] Mathlib/Topology/Connected/CardComponents.lean: ok  calls=1  msgs=1  (3.0s)
[691/723] Mathlib/Topology/ContinuousMap/Ordered.lean: ok  calls=1  msgs=1  (2.4s)
[692/723] Mathlib/Topology/ContinuousMap/Basic.lean: ok  calls=2  msgs=2  (3.2s)
[693/723] Mathlib/Topology/ContinuousMap/StarOrdered.lean: ok  calls=1  msgs=1  (3.6s)
[694/723] Mathlib/Topology/Convenient/ContinuousMapGeneratedBy.lean: ok  calls=1  msgs=1  (2.2s)
[695/723] Mathlib/Topology/IndicatorConstPointwise.lean: ok  calls=2  msgs=2  (2.1s)
[696/723] Mathlib/Topology/Compactness/CountablyCompact.lean: ok  calls=2  msgs=2  (6.3s)
[697/723] Mathlib/RingTheory/Polynomial/UniversalFactorizationRing.lean: ok  calls=1  msgs=1  (37.8s)
[698/723] Mathlib/Topology/Instances/EReal/Lemmas.lean: ok  calls=10  msgs=10  (3.4s)
[699/723] Mathlib/Topology/Instances/Real/Lemmas.lean: ok  calls=1  msgs=1  (3.0s)
[700/723] Mathlib/Topology/JacobsonSpace.lean: ok  calls=1  msgs=1  (2.8s)
[701/723] Mathlib/Topology/Maps/Proper/CompactlyGenerated.lean: ok  calls=1  msgs=1  (3.2s)
[702/723] Mathlib/Topology/OmegaCompletePartialOrder.lean: ok  calls=1  msgs=1  (2.2s)
[703/723] Mathlib/Topology/MetricSpace/Bounded.lean: ok  calls=1  msgs=1  (3.9s)
[704/723] Mathlib/Topology/LocallyFinsupp.lean: ok  calls=8  msgs=8  (5.0s)
[705/723] Mathlib/Topology/MetricSpace/BundledFun.lean: ok  calls=1  msgs=1  (3.1s)
[706/723] Mathlib/Topology/LocallyConstant/Algebra.lean: ok  calls=5  msgs=5  (5.4s)
[707/723] Mathlib/Topology/Order/HullKernel.lean: ok  calls=3  msgs=3  (2.6s)
[708/723] Mathlib/Topology/Order/LawsonTopology.lean: ok  calls=1  msgs=1  (2.9s)
[709/723] Mathlib/Topology/Order/Basic.lean: ok  calls=1  msgs=1  (5.1s)
[710/723] Mathlib/Topology/Order/LowerUpperTopology.lean: ok  calls=1  msgs=1  (3.5s)
[711/723] Mathlib/Topology/Semicontinuity/Hemicontinuity.lean: ok  calls=3  msgs=3  (3.1s)
[712/723] Mathlib/Topology/Order/LocalExtr.lean: ok  calls=2  msgs=2  (3.8s)
[713/723] Mathlib/Topology/Order/IntermediateValue.lean: ok  calls=3  msgs=3  (5.0s)
[714/723] Mathlib/Topology/Sheaves/Over.lean: ok  calls=2  msgs=2  (3.1s)
[715/723] MathlibTest/AesopUnusedTactic.lean: ok  calls=1  msgs=1  (2.5s)
[716/723] Mathlib/Topology/Sheaves/Alexandrov.lean: ok  calls=1  msgs=1  (4.5s)
[717/723] Mathlib/Topology/Spectral/Prespectral.lean: ok  calls=1  msgs=1  (3.1s)
[718/723] MathlibTest/finsupp_notation.lean: ok  calls=2  msgs=2  (3.6s)
[719/723] Mathlib/Topology/Sheaves/Presheaf.lean: ok  calls=1  msgs=1  (5.4s)
[720/723] Mathlib/Topology/Sets/CompactOpenCovered.lean: ok  calls=3  msgs=3  (8.6s)
[721/723] MathlibTest/set_like.lean: ok  calls=13  msgs=13  (4.1s)
[722/723] Mathlib/RingTheory/ZariskisMainTheorem.lean: ok  calls=1  msgs=1  (42.2s)
[723/723] MathlibTest/fun_prop2.lean: ok  calls=1  msgs=1  (5.0s)

Wrote /Users/xvade/dev/Academic/Lean/LeanHackathon2026/AesopImprovement/mathlib_collect/mathlib_by_file.json  (4.7 MB)
ok=723  crash=0  timeout=0  messages=1697
